<?xml version="1.0" encoding="UTF-8"?>
<!-- Generated by org.testng.reporters.JUnitXMLReporter -->
<testsuite ignored="3" hostname="MSI" failures="1" tests="8" name="Test" time="132.65" errors="0" timestamp="2026-01-24T07:47:43 IST">
  <testcase classname="Tests.HomePageTest" name="check_AdminTabIsDisplyed" time="14.192"/>
  <testcase classname="Tests.AdminPageTest" name="check_AdminTabIsDisplyed" time="20.614"/>
  <testcase classname="Tests.HomePageTest" name="check_AdminTabIsPim" time="13.206"/>
  <testcase classname="Tests.AdminPageTest" name="check_AdminTabIsPim" time="17.696"/>
  <testcase classname="Tests.LoginTest" name="check_LoginPageTitle" time="13.032"/>
  <testcase classname="Tests.HomePageTest" name="check_AdminTabIsTime" time="13.164"/>
  <testcase classname="Tests.LoginTest" name="check_ValidLogin" time="20.338"/>
  <testcase classname="Tests.LoginTest" name="check_ValidLoginWithSoftAssert" time="11.758">
    <failure type="java.lang.AssertionError" message="Assertion execute
	expected [false] but found [true]">
      <![CDATA[java.lang.AssertionError: Assertion execute
expected [false] but found [true]
at Tests.LoginTest.check_ValidLoginWithSoftAssert(LoginTest.java:75)
at java.base/java.util.concurrent.ThreadPoolExecutor.runWorker(ThreadPoolExecutor.java:1136)
at java.base/java.util.concurrent.ThreadPoolExecutor$Worker.run(ThreadPoolExecutor.java:635)
at java.base/java.lang.Thread.run(Thread.java:833)
... Removed 13 stack frames]]>
    </failure>
  </testcase> <!-- check_ValidLoginWithSoftAssert -->
  <testcase classname="Tests.LoginTest" name="check_ValidLogin_Excel" time="0.0">
    <ignored/>
  </testcase> <!-- check_ValidLogin_Excel -->
  <testcase classname="Tests.LoginTest" name="invalid_ValidLogin" time="0.0">
    <ignored/>
  </testcase> <!-- invalid_ValidLogin -->
  <testcase classname="Tests.LoginTest" name="check_InvalidLogin_WithMultipleset" time="0.0">
    <ignored/>
  </testcase> <!-- check_InvalidLogin_WithMultipleset -->
</testsuite> <!-- Test -->
