<?xml version="1.0" encoding="UTF-8"?>
<!-- Generated by org.testng.reporters.JUnitReportReporter -->
<testsuite hostname="MSI" failures="0" tests="3" name="Tests.HomePageTest" time="83.606" errors="0" timestamp="2026-01-24T07:47:43 IST" skipped="0">
  <testcase classname="Tests.HomePageTest" name="check_AdminTabIsDisplyed" time="32.361"/>
  <system-out/>
  <testcase classname="Tests.HomePageTest" name="check_AdminTabIsPim" time="25.807"/>
  <system-out/>
  <testcase classname="Tests.HomePageTest" name="check_AdminTabIsTime" time="25.438"/>
  <system-out/>
</testsuite> <!-- Tests.HomePageTest -->
