<?xml version="1.0" encoding="UTF-8"?>
<!-- Generated by org.testng.reporters.JUnitReportReporter -->
<testsuite hostname="MSI" failures="0" tests="2" name="Tests.AdminPageTest" time="58.018" errors="0" timestamp="2026-01-24T07:47:43 IST" skipped="0">
  <testcase classname="Tests.AdminPageTest" name="check_AdminTabIsDisplyed" time="31.407"/>
  <system-out/>
  <testcase classname="Tests.AdminPageTest" name="check_AdminTabIsPim" time="26.611"/>
  <system-out/>
</testsuite> <!-- Tests.AdminPageTest -->
